15:14:46.268 [main] INFO  TestBase.BaseClass - -----Successfully entered the text-----
15:15:37.498 [main] INFO  TestBase.BaseClass - -----Successfully displayed the language details-----
15:15:37.883 [main] INFO  TestBase.BaseClass - -----Successfully clicked on the close button-----
15:15:46.981 [main] INFO  TestBase.BaseClass - -----Successfully displayed the level details-----
15:16:07.125 [main] INFO  TestBase.BaseClass - -----Scrolled to the For Enterprise-----
15:16:14.348 [main] INFO  TestBase.BaseClass - -----Clicked on the Coursera for campus-----
15:16:15.183 [main] INFO  TestBase.BaseClass - -----Scrolled to the form-----
15:16:16.033 [main] INFO  TestBase.BaseClass - -----Entered the value of the name-----
15:16:16.860 [main] INFO  TestBase.BaseClass - -----Entered the value of email and Phone Number -----
15:16:17.947 [main] INFO  TestBase.BaseClass - -----Entered the value for the institution-----
15:16:19.321 [main] INFO  TestBase.BaseClass - -----Entered the values for the job details-----
15:16:20.169 [main] INFO  TestBase.BaseClass - -----Entered the value for country-----
15:16:23.602 [main] INFO  TestBase.BaseClass - -----Clicked on the submit button-----
15:16:24.009 [main] INFO  TestBase.BaseClass - -----Successfully captured the Error Message-----
15:39:39.787 [main] INFO  TestBase.BaseClass - -----The search button is clicked successfully-----
15:39:42.857 [main] INFO  TestBase.BaseClass - -----The search button is clicked successfully-----
15:39:47.230 [main] INFO  TestBase.BaseClass - -----Successfully scrolled to the top page-----
15:39:47.982 [main] INFO  TestBase.BaseClass - -----Successfully scrolled to the top page-----
15:40:00.381 [main] INFO  TestBase.BaseClass - -----Successfully captured the details of the first Course-----
15:40:08.911 [main] INFO  TestBase.BaseClass - -----Successfully captured the details of the second Course-----
15:40:10.518 [main] INFO  TestBase.BaseClass - -----Successfully entered the text-----
15:40:13.788 [main] INFO  TestBase.BaseClass - -----Successfully entered the text-----
15:41:02.826 [main] INFO  TestBase.BaseClass - -----Successfully displayed the language details-----
15:41:03.383 [main] INFO  TestBase.BaseClass - -----Successfully clicked on the close button-----
15:41:05.233 [main] INFO  TestBase.BaseClass - -----Successfully displayed the language details-----
15:41:05.804 [main] INFO  TestBase.BaseClass - -----Successfully clicked on the close button-----
15:41:12.444 [main] INFO  TestBase.BaseClass - -----Successfully displayed the level details-----
15:41:14.919 [main] INFO  TestBase.BaseClass - -----Successfully displayed the level details-----
15:42:08.236 [main] INFO  TestBase.BaseClass - -----Scrolled to the For Enterprise-----
15:42:30.441 [main] INFO  TestBase.BaseClass - -----Clicked on the Coursera for campus-----
15:51:25.772 [main] INFO  TestBase.BaseClass - -----Scrolled to the form-----
16:04:57.548 [main] INFO  TestBase.BaseClass - -----The search button is clicked successfully-----
16:05:00.240 [main] INFO  TestBase.BaseClass - -----Successfully scrolled to the top page-----
16:05:05.344 [main] INFO  TestBase.BaseClass - -----Successfully captured the details of the first Course-----
16:05:09.809 [main] INFO  TestBase.BaseClass - -----Successfully captured the details of the second Course-----
16:05:13.393 [main] INFO  TestBase.BaseClass - -----Successfully entered the text-----
16:06:02.820 [main] INFO  TestBase.BaseClass - -----Successfully displayed the language details-----
16:06:03.011 [main] INFO  TestBase.BaseClass - -----Successfully clicked on the close button-----
16:06:11.410 [main] INFO  TestBase.BaseClass - -----Successfully displayed the level details-----
16:06:30.553 [main] INFO  TestBase.BaseClass - -----Scrolled to the For Enterprise-----
16:06:33.689 [main] INFO  TestBase.BaseClass - -----Clicked on the Coursera for campus-----
16:06:34.768 [main] INFO  TestBase.BaseClass - -----Scrolled to the form-----
16:06:35.094 [main] INFO  TestBase.BaseClass - -----Entered the value of the name-----
16:06:35.369 [main] INFO  TestBase.BaseClass - -----Entered the value of email and Phone Number -----
16:06:35.703 [main] INFO  TestBase.BaseClass - -----Entered the value for the institution-----
16:06:36.112 [main] INFO  TestBase.BaseClass - -----Entered the values for the job details-----
16:06:36.389 [main] INFO  TestBase.BaseClass - -----Entered the value for country-----
16:06:39.562 [main] INFO  TestBase.BaseClass - -----Clicked on the submit button-----
16:06:39.774 [main] INFO  TestBase.BaseClass - -----Successfully captured the Error Message-----
16:09:38.298 [main] INFO  TestBase.BaseClass - -----The search button is clicked successfully-----
16:09:41.284 [main] INFO  TestBase.BaseClass - -----Successfully scrolled to the top page-----
16:09:46.966 [main] INFO  TestBase.BaseClass - -----Successfully captured the details of the first Course-----
16:09:51.274 [main] INFO  TestBase.BaseClass - -----Successfully captured the details of the second Course-----
